<?xml version="1.0" encoding="UTF-8"?>
<!-- Generated by org.testng.reporters.JUnitReportReporter -->
<testsuite hostname="LAPTOP-0CVQL5CL" failures="0" tests="3" name="loanapplications.CarLoanApplicationTests" time="0.030" errors="0" timestamp="2022-10-03T10:23:12 IST" skipped="1">
  <testcase classname="loanapplications.CarLoanApplicationTests" name="CarLoanLoginWeb" time="0.028"/>
  <system-out/>
  <testcase classname="loanapplications.CarLoanApplicationTests" name="CarLoanLoginAPI" time="0.002"/>
  <system-out/>
  <testcase classname="loanapplications.CarLoanApplicationTests" name="CarLoanLoginMobile">
    <skipped/>
  </testcase> <!-- CarLoanLoginMobile -->
  <system-out/>
</testsuite> <!-- loanapplications.CarLoanApplicationTests -->
