<?xml version="1.0" encoding="UTF-8"?>
<!-- Generated by org.testng.reporters.JUnitReportReporter -->
<testsuite hostname="LAPTOP-0CVQL5CL" failures="0" tests="1" name="testpkg.sample1" time="0.020" errors="0" timestamp="2022-10-03T09:52:01 IST" skipped="0">
  <testcase classname="testpkg.sample1" name="demo" time="0.020"/>
  <system-out/>
</testsuite> <!-- testpkg.sample1 -->
