<?xml version="1.0" encoding="UTF-8"?>
<!-- Generated by org.testng.reporters.JUnitReportReporter -->
<testsuite hostname="LAPTOP-0CVQL5CL" failures="0" tests="2" name="appTests.AppTest" time="71.990" errors="0" timestamp="2022-10-11T21:33:55 IST" skipped="0">
  <testcase classname="appTests.AppTest" name="f" time="69.976"/>
  <testcase classname="appTests.AppTest" name="LaunchChrome" time="2.014"/>
</testsuite> <!-- appTests.AppTest -->
